<?xml version="1.0" encoding="UTF-8"?>
<testng-results skipped="0" failed="0" ignored="0" total="1" passed="1">
  <reporter-output>
  </reporter-output>
  <suite name="Default suite" duration-ms="4344" started-at="2020-06-30T22:30:35 IST" finished-at="2020-06-30T22:30:40 IST">
    <groups>
    </groups>
    <test name="Default test" duration-ms="4344" started-at="2020-06-30T22:30:35 IST" finished-at="2020-06-30T22:30:40 IST">
      <class name="tests.CalculatorJava">
        <test-method status="PASS" signature="setUp()[pri:0, instance:tests.CalculatorJava@48503868]" name="setUp" is-config="true" duration-ms="46739" started-at="2020-06-30T22:29:49 IST" finished-at="2020-06-30T22:30:35 IST">
          <reporter-output>
          </reporter-output>
        </test-method> <!-- setUp -->
        <test-method status="PASS" signature="add()[pri:0, instance:tests.CalculatorJava@48503868]" name="add" duration-ms="4262" started-at="2020-06-30T22:30:35 IST" finished-at="2020-06-30T22:30:40 IST">
          <reporter-output>
          </reporter-output>
        </test-method> <!-- add -->
        <test-method status="PASS" signature="tearDown()[pri:0, instance:tests.CalculatorJava@48503868]" name="tearDown" is-config="true" duration-ms="881" started-at="2020-06-30T22:30:40 IST" finished-at="2020-06-30T22:30:41 IST">
          <reporter-output>
          </reporter-output>
        </test-method> <!-- tearDown -->
      </class> <!-- tests.CalculatorJava -->
    </test> <!-- Default test -->
  </suite> <!-- Default suite -->
</testng-results>
