<?xml version="1.0" encoding="UTF-8"?>
<testng-results skipped="0" failed="1" ignored="3" total="14" passed="10">
  <reporter-output>
  </reporter-output>
  <suite name="Loan Department" duration-ms="190" started-at="2021-05-15T18:41:28 IST" finished-at="2021-05-15T18:41:28 IST">
    <groups>
      <group name="Smoke">
        <method signature="day1.Demo()[pri:0, instance:test.day1@5b87ed94]" name="Demo" class="test.day1"/>
        <method signature="day2.ploan()[pri:0, instance:test.day2@7fac631b]" name="ploan" class="test.day2"/>
        <method signature="day4.LoginAPIHomeLoan()[pri:0, instance:test.day4@6e0e048a]" name="LoginAPIHomeLoan" class="test.day4"/>
        <method signature="day3.webLoginCarLoan(java.lang.String, java.lang.String)[pri:0, instance:test.day3@7f13d6e]" name="webLoginCarLoan" class="test.day3"/>
      </group> <!-- Smoke -->
    </groups>
    <test name="Car Loan" duration-ms="190" started-at="2021-05-15T18:41:28 IST" finished-at="2021-05-15T18:41:28 IST">
      <class name="test.day3">
        <test-method status="PASS" signature="bsuite()[pri:0, instance:test.day3@7f13d6e]" name="bsuite" is-config="true" duration-ms="13" started-at="2021-05-15T18:41:28 IST" finished-at="2021-05-15T18:41:28 IST">
          <reporter-output>
          </reporter-output>
        </test-method> <!-- bsuite -->
        <test-method status="PASS" signature="beforeClass()[pri:0, instance:test.day3@7f13d6e]" name="beforeClass" is-config="true" duration-ms="1" started-at="2021-05-15T18:41:28 IST" finished-at="2021-05-15T18:41:28 IST">
          <reporter-output>
          </reporter-output>
        </test-method> <!-- beforeClass -->
        <test-method status="PASS" signature="bmethod()[pri:0, instance:test.day3@7f13d6e]" name="bmethod" is-config="true" duration-ms="2" started-at="2021-05-15T18:41:28 IST" finished-at="2021-05-15T18:41:28 IST">
          <reporter-output>
          </reporter-output>
        </test-method> <!-- bmethod -->
        <test-method status="PASS" signature="MobileSignInCarLoan()[pri:0, instance:test.day3@7f13d6e]" name="MobileSignInCarLoan" duration-ms="16" started-at="2021-05-15T18:41:28 IST" finished-at="2021-05-15T18:41:28 IST">
          <reporter-output>
          </reporter-output>
        </test-method> <!-- MobileSignInCarLoan -->
        <test-method status="PASS" signature="afmethod()[pri:0, instance:test.day3@7f13d6e]" name="afmethod" is-config="true" duration-ms="1" started-at="2021-05-15T18:41:28 IST" finished-at="2021-05-15T18:41:28 IST">
          <reporter-output>
          </reporter-output>
        </test-method> <!-- afmethod -->
        <test-method status="PASS" signature="bmethod()[pri:0, instance:test.day3@7f13d6e]" name="bmethod" is-config="true" duration-ms="1" started-at="2021-05-15T18:41:28 IST" finished-at="2021-05-15T18:41:28 IST">
          <reporter-output>
          </reporter-output>
        </test-method> <!-- bmethod -->
        <test-method status="PASS" signature="MobileSignOutCarLoan(java.lang.String)[pri:0, instance:test.day3@7f13d6e]" name="MobileSignOutCarLoan" duration-ms="3" started-at="2021-05-15T18:41:28 IST" finished-at="2021-05-15T18:41:28 IST">
          <params>
            <param index="0">
              <value>
                <![CDATA[www.pornhub.com]]>
              </value>
            </param>
          </params>
          <reporter-output>
          </reporter-output>
        </test-method> <!-- MobileSignOutCarLoan -->
        <test-method status="PASS" signature="afmethod()[pri:0, instance:test.day3@7f13d6e]" name="afmethod" is-config="true" duration-ms="3" started-at="2021-05-15T18:41:28 IST" finished-at="2021-05-15T18:41:28 IST">
          <reporter-output>
          </reporter-output>
        </test-method> <!-- afmethod -->
        <test-method status="PASS" signature="bmethod()[pri:0, instance:test.day3@7f13d6e]" name="bmethod" is-config="true" duration-ms="0" started-at="2021-05-15T18:41:28 IST" finished-at="2021-05-15T18:41:28 IST">
          <reporter-output>
          </reporter-output>
        </test-method> <!-- bmethod -->
        <test-method status="PASS" signature="dataProvide(java.lang.String, java.lang.String)[pri:0, instance:test.day3@7f13d6e]" name="dataProvide" duration-ms="12" started-at="2021-05-15T18:41:28 IST" data-provider="getData" finished-at="2021-05-15T18:41:28 IST">
          <params>
            <param index="0">
              <value>
                <![CDATA[firstusername]]>
              </value>
            </param>
            <param index="1">
              <value>
                <![CDATA[firstpassword]]>
              </value>
            </param>
          </params>
          <reporter-output>
          </reporter-output>
        </test-method> <!-- dataProvide -->
        <test-method status="PASS" signature="afmethod()[pri:0, instance:test.day3@7f13d6e]" name="afmethod" is-config="true" duration-ms="1" started-at="2021-05-15T18:41:28 IST" finished-at="2021-05-15T18:41:28 IST">
          <reporter-output>
          </reporter-output>
        </test-method> <!-- afmethod -->
        <test-method status="PASS" signature="bmethod()[pri:0, instance:test.day3@7f13d6e]" name="bmethod" is-config="true" duration-ms="3" started-at="2021-05-15T18:41:28 IST" finished-at="2021-05-15T18:41:28 IST">
          <reporter-output>
          </reporter-output>
        </test-method> <!-- bmethod -->
        <test-method status="PASS" signature="dataProvide(java.lang.String, java.lang.String)[pri:0, instance:test.day3@7f13d6e]" name="dataProvide" duration-ms="15" started-at="2021-05-15T18:41:28 IST" data-provider="getData" finished-at="2021-05-15T18:41:28 IST">
          <params>
            <param index="0">
              <value>
                <![CDATA[secondusername]]>
              </value>
            </param>
            <param index="1">
              <value>
                <![CDATA[secondpassword]]>
              </value>
            </param>
          </params>
          <reporter-output>
          </reporter-output>
        </test-method> <!-- dataProvide -->
        <test-method status="PASS" signature="afmethod()[pri:0, instance:test.day3@7f13d6e]" name="afmethod" is-config="true" duration-ms="0" started-at="2021-05-15T18:41:28 IST" finished-at="2021-05-15T18:41:28 IST">
          <reporter-output>
          </reporter-output>
        </test-method> <!-- afmethod -->
        <test-method status="PASS" signature="bmethod()[pri:0, instance:test.day3@7f13d6e]" name="bmethod" is-config="true" duration-ms="1" started-at="2021-05-15T18:41:28 IST" finished-at="2021-05-15T18:41:28 IST">
          <reporter-output>
          </reporter-output>
        </test-method> <!-- bmethod -->
        <test-method status="PASS" signature="dataProvide(java.lang.String, java.lang.String)[pri:0, instance:test.day3@7f13d6e]" name="dataProvide" duration-ms="4" started-at="2021-05-15T18:41:28 IST" data-provider="getData" finished-at="2021-05-15T18:41:28 IST">
          <params>
            <param index="0">
              <value>
                <![CDATA[thirdusername]]>
              </value>
            </param>
            <param index="1">
              <value>
                <![CDATA[thirdpassword]]>
              </value>
            </param>
          </params>
          <reporter-output>
          </reporter-output>
        </test-method> <!-- dataProvide -->
        <test-method status="PASS" signature="afmethod()[pri:0, instance:test.day3@7f13d6e]" name="afmethod" is-config="true" duration-ms="1" started-at="2021-05-15T18:41:28 IST" finished-at="2021-05-15T18:41:28 IST">
          <reporter-output>
          </reporter-output>
        </test-method> <!-- afmethod -->
        <test-method status="PASS" signature="bmethod()[pri:0, instance:test.day3@7f13d6e]" name="bmethod" is-config="true" duration-ms="0" started-at="2021-05-15T18:41:28 IST" finished-at="2021-05-15T18:41:28 IST">
          <reporter-output>
          </reporter-output>
        </test-method> <!-- bmethod -->
        <test-method status="PASS" signature="webLoginCarLoan(java.lang.String, java.lang.String)[pri:0, instance:test.day3@7f13d6e]" name="webLoginCarLoan" duration-ms="4" started-at="2021-05-15T18:41:28 IST" finished-at="2021-05-15T18:41:28 IST">
          <params>
            <param index="0">
              <value>
                <![CDATA[www.pornhub.com]]>
              </value>
            </param>
            <param index="1">
              <value>
                <![CDATA[Bald]]>
              </value>
            </param>
          </params>
          <reporter-output>
          </reporter-output>
        </test-method> <!-- webLoginCarLoan -->
        <test-method status="PASS" signature="afmethod()[pri:0, instance:test.day3@7f13d6e]" name="afmethod" is-config="true" duration-ms="1" started-at="2021-05-15T18:41:28 IST" finished-at="2021-05-15T18:41:28 IST">
          <reporter-output>
          </reporter-output>
        </test-method> <!-- afmethod -->
        <test-method status="PASS" signature="afterClass()[pri:0, instance:test.day3@7f13d6e]" name="afterClass" is-config="true" duration-ms="1" started-at="2021-05-15T18:41:28 IST" finished-at="2021-05-15T18:41:28 IST">
          <reporter-output>
          </reporter-output>
        </test-method> <!-- afterClass -->
      </class> <!-- test.day3 -->
      <class name="test.day1">
        <test-method status="PASS" signature="asuite()[pri:0, instance:test.day1@5b87ed94]" name="asuite" is-config="true" duration-ms="1" started-at="2021-05-15T18:41:28 IST" finished-at="2021-05-15T18:41:28 IST">
          <reporter-output>
          </reporter-output>
        </test-method> <!-- asuite -->
      </class> <!-- test.day1 -->
    </test> <!-- Car Loan -->
    <test name="Personal Loan" duration-ms="152" started-at="2021-05-15T18:41:28 IST" finished-at="2021-05-15T18:41:28 IST">
      <class name="test.day4">
        <test-method status="PASS" signature="LoginAPIHomeLoan()[pri:0, instance:test.day4@6e0e048a]" name="LoginAPIHomeLoan" duration-ms="6" started-at="2021-05-15T18:41:28 IST" finished-at="2021-05-15T18:41:28 IST">
          <reporter-output>
          </reporter-output>
        </test-method> <!-- LoginAPIHomeLoan -->
        <test-method status="FAIL" signature="MobileloginHomeLoan()[pri:0, instance:test.day4@6e0e048a]" name="MobileloginHomeLoan" duration-ms="9" started-at="2021-05-15T18:41:28 IST" finished-at="2021-05-15T18:41:28 IST">
          <exception class="java.lang.AssertionError">
            <message>
              <![CDATA[expected [true] but found [false]]]>
            </message>
            <full-stacktrace>
              <![CDATA[java.lang.AssertionError: expected [true] but found [false]
at org.testng.Assert.fail(Assert.java:99)
at org.testng.Assert.failNotEquals(Assert.java:1037)
at org.testng.Assert.assertTrue(Assert.java:45)
at org.testng.Assert.assertTrue(Assert.java:55)
at test.day4.MobileloginHomeLoan(day4.java:21)
at sun.reflect.NativeMethodAccessorImpl.invoke0(Native Method)
at sun.reflect.NativeMethodAccessorImpl.invoke(NativeMethodAccessorImpl.java:62)
at sun.reflect.DelegatingMethodAccessorImpl.invoke(DelegatingMethodAccessorImpl.java:43)
at java.lang.reflect.Method.invoke(Method.java:498)
at org.testng.internal.MethodInvocationHelper.invokeMethod(MethodInvocationHelper.java:132)
at org.testng.internal.TestInvoker.invokeMethod(TestInvoker.java:599)
at org.testng.internal.TestInvoker.invokeTestMethod(TestInvoker.java:174)
at org.testng.internal.MethodRunner.runInSequence(MethodRunner.java:46)
at org.testng.internal.TestInvoker$MethodInvocationAgent.invoke(TestInvoker.java:822)
at org.testng.internal.TestInvoker.invokeTestMethods(TestInvoker.java:147)
at org.testng.internal.TestMethodWorker.invokeTestMethods(TestMethodWorker.java:146)
at org.testng.internal.TestMethodWorker.run(TestMethodWorker.java:128)
at java.util.ArrayList.forEach(ArrayList.java:1257)
at org.testng.TestRunner.privateRun(TestRunner.java:764)
at org.testng.TestRunner.run(TestRunner.java:585)
at org.testng.SuiteRunner.runTest(SuiteRunner.java:384)
at org.testng.SuiteRunner.access$000(SuiteRunner.java:28)
at org.testng.SuiteRunner$SuiteWorker.run(SuiteRunner.java:425)
at org.testng.internal.thread.ThreadUtil.lambda$execute$0(ThreadUtil.java:66)
at java.util.concurrent.FutureTask.run(FutureTask.java:266)
at java.util.concurrent.ThreadPoolExecutor.runWorker(ThreadPoolExecutor.java:1149)
at java.util.concurrent.ThreadPoolExecutor$Worker.run(ThreadPoolExecutor.java:624)
at java.lang.Thread.run(Thread.java:748)
]]>
            </full-stacktrace>
          </exception> <!-- java.lang.AssertionError -->
          <reporter-output>
          </reporter-output>
        </test-method> <!-- MobileloginHomeLoan -->
        <test-method status="PASS" signature="webLoginHomeLoan(java.lang.String)[pri:0, instance:test.day4@6e0e048a]" name="webLoginHomeLoan" duration-ms="4" started-at="2021-05-15T18:41:28 IST" finished-at="2021-05-15T18:41:28 IST">
          <params>
            <param index="0">
              <value>
                <![CDATA[www.diawi.com]]>
              </value>
            </param>
          </params>
          <reporter-output>
          </reporter-output>
        </test-method> <!-- webLoginHomeLoan -->
      </class> <!-- test.day4 -->
      <class name="test.day2">
        <test-method status="PASS" signature="prerequisite()[pri:0, instance:test.day2@7fac631b]" name="prerequisite" is-config="true" duration-ms="2" started-at="2021-05-15T18:41:28 IST" finished-at="2021-05-15T18:41:28 IST">
          <reporter-output>
          </reporter-output>
        </test-method> <!-- prerequisite -->
        <test-method status="PASS" signature="ploan()[pri:0, instance:test.day2@7fac631b]" name="ploan" duration-ms="9" started-at="2021-05-15T18:41:28 IST" finished-at="2021-05-15T18:41:28 IST">
          <reporter-output>
          </reporter-output>
        </test-method> <!-- ploan -->
      </class> <!-- test.day2 -->
      <class name="test.day1">
        <test-method status="PASS" signature="Demo()[pri:0, instance:test.day1@5b87ed94]" name="Demo" duration-ms="13" started-at="2021-05-15T18:41:28 IST" finished-at="2021-05-15T18:41:28 IST">
          <reporter-output>
          </reporter-output>
        </test-method> <!-- Demo -->
        <test-method status="PASS" signature="lastExecution()[pri:0, instance:test.day1@5b87ed94]" name="lastExecution" is-config="true" duration-ms="0" started-at="2021-05-15T18:41:28 IST" finished-at="2021-05-15T18:41:28 IST">
          <reporter-output>
          </reporter-output>
        </test-method> <!-- lastExecution -->
      </class> <!-- test.day1 -->
    </test> <!-- Personal Loan -->
  </suite> <!-- Loan Department -->
</testng-results>
