<?xml version="1.0" encoding="UTF-8"?>
<!-- Generated by org.testng.reporters.JUnitXMLReporter -->
<testsuite hostname="Abhishek" ignored="2" name="Car Loan" tests="6" failures="0" timestamp="2021-05-15T18:41:28 IST" time="0.19" errors="0">
  <testcase name="MobileSignInCarLoan" time="0.016" classname="test.day3"/>
  <testcase name="MobileSignOutCarLoan" time="0.003" classname="test.day3"/>
  <testcase name="dataProvide" time="0.012" classname="test.day3"/>
  <testcase name="dataProvide" time="0.015" classname="test.day3"/>
  <testcase name="dataProvide" time="0.004" classname="test.day3"/>
  <testcase name="webLoginCarLoan" time="0.004" classname="test.day3"/>
  <testcase name="APICarLoan" time="0.0" classname="test.day3">
    <ignored/>
  </testcase> <!-- APICarLoan -->
  <testcase name="MobileloginCarLoan" time="0.0" classname="test.day3">
    <ignored/>
  </testcase> <!-- MobileloginCarLoan -->
</testsuite> <!-- Car Loan -->
