<?xml version="1.0" encoding="UTF-8"?>
<!-- Generated by org.testng.reporters.JUnitXMLReporter -->
<testsuite hostname="Abhishek" ignored="7" name="Regression" tests="4" failures="0" timestamp="2021-04-30T21:05:11 IST" time="0.108" errors="0">
  <testcase name="Demo" time="0.021" classname="test.day1"/>
  <testcase name="ploan" time="0.003" classname="test.day2"/>
  <testcase name="webLoginCarLoan" time="0.002" classname="test.day3"/>
  <testcase name="LoginAPIHomeLoan" time="0.002" classname="test.day4"/>
  <testcase name="SecondTest" time="0.0" classname="test.day1">
    <ignored/>
  </testcase> <!-- SecondTest -->
  <testcase name="APICarLoan" time="0.0" classname="test.day3">
    <ignored/>
  </testcase> <!-- APICarLoan -->
  <testcase name="MobileSignInCarLoan" time="0.0" classname="test.day3">
    <ignored/>
  </testcase> <!-- MobileSignInCarLoan -->
  <testcase name="MobileSignOutCarLoan" time="0.0" classname="test.day3">
    <ignored/>
  </testcase> <!-- MobileSignOutCarLoan -->
  <testcase name="webLoginHomeLoan" time="0.0" classname="test.day4">
    <ignored/>
  </testcase> <!-- webLoginHomeLoan -->
  <testcase name="MobileloginCarLoan" time="0.0" classname="test.day3">
    <ignored/>
  </testcase> <!-- MobileloginCarLoan -->
  <testcase name="MobileloginHomeLoan" time="0.0" classname="test.day4">
    <ignored/>
  </testcase> <!-- MobileloginHomeLoan -->
</testsuite> <!-- Regression -->
