<?xml version="1.0" encoding="UTF-8"?>
<testng-results skipped="0" failed="0" ignored="0" total="1" passed="1">
  <reporter-output>
  </reporter-output>
  <suite name="Default suite" duration-ms="24439" started-at="2020-04-09T02:57:45 IST" finished-at="2020-04-09T02:58:09 IST">
    <groups>
    </groups>
    <test name="Default test" duration-ms="24439" started-at="2020-04-09T02:57:45 IST" finished-at="2020-04-09T02:58:09 IST">
      <class name="tests.Tests">
        <test-method status="PASS" signature="setup()[pri:0, instance:tests.Tests@6895a785]" name="setup" is-config="true" duration-ms="19303" started-at="2020-04-09T02:57:45 IST" finished-at="2020-04-09T02:58:04 IST">
          <reporter-output>
          </reporter-output>
        </test-method> <!-- setup -->
        <test-method status="PASS" signature="LoginTest()[pri:0, instance:tests.Tests@6895a785]" name="LoginTest" duration-ms="4475" started-at="2020-04-09T02:58:04 IST" finished-at="2020-04-09T02:58:09 IST">
          <reporter-output>
          </reporter-output>
        </test-method> <!-- LoginTest -->
        <test-method status="PASS" signature="teardown()[pri:0, instance:tests.Tests@6895a785]" name="teardown" is-config="true" duration-ms="593" started-at="2020-04-09T02:58:09 IST" finished-at="2020-04-09T02:58:09 IST">
          <reporter-output>
          </reporter-output>
        </test-method> <!-- teardown -->
      </class> <!-- tests.Tests -->
    </test> <!-- Default test -->
  </suite> <!-- Default suite -->
</testng-results>
