<?xml version="1.0" encoding="UTF-8"?>
<!-- Generated by org.testng.reporters.JUnitXMLReporter -->
<testsuite hostname="Abhishek" ignored="1" name="Default test" tests="4" failures="0" timestamp="2021-05-01T09:28:41 IST" time="0.098" errors="0">
  <testcase name="MobileSignInCarLoan" time="0.015" classname="test.day3"/>
  <testcase name="MobileSignOutCarLoan" time="0.002" classname="test.day3"/>
  <testcase name="webLoginCarLoan" time="0.001" classname="test.day3"/>
  <testcase name="APICarLoan" time="0.003" classname="test.day3"/>
  <testcase name="MobileloginCarLoan" time="0.0" classname="test.day3">
    <ignored/>
  </testcase> <!-- MobileloginCarLoan -->
</testsuite> <!-- Default test -->
