<?xml version="1.0" encoding="UTF-8"?>
<!-- Generated by org.testng.reporters.JUnitXMLReporter -->
<testsuite hostname="Abhishek" ignored="0" name="Test" tests="9" failures="0" timestamp="2021-04-26T20:52:21 IST" time="0.126" errors="0">
  <testcase name="Demo" time="0.017" classname="test2.day1"/>
  <testcase name="SecondTest" time="0.003" classname="test2.day1"/>
  <testcase name="ploan" time="0.002" classname="test2.day2"/>
  <testcase name="LoginAPICarLoan" time="0.003" classname="test2.day3"/>
  <testcase name="MobileloginCarLoan" time="0.002" classname="test2.day3"/>
  <testcase name="webLoginCarLoan" time="0.002" classname="test2.day3"/>
  <testcase name="LoginAPIHomeLoan" time="0.003" classname="test2.day4"/>
  <testcase name="MobileloginHomeLoan" time="0.002" classname="test2.day4"/>
  <testcase name="webLoginHomeLoan" time="0.003" classname="test2.day4"/>
</testsuite> <!-- Test -->
